  startup_stm32l476xx.c
  stm32l4xx_hal.c
  stm32l4xx_hal_cortex.c
  stm32l4xx_hal_dma.c
  stm32l4xx_hal_gpio.c
  stm32l4xx_hal_i2c.c
  stm32l4xx_hal_i2c_ex.c
  stm32l4xx_hal_pwr.c
  stm32l4xx_hal_pwr_ex.c
  stm32l4xx_hal_rcc.c
  stm32l4xx_hal_rcc_ex.c
  stm32l4xx_hal_uart.c
  stm32l4xx_hal_uart_ex.c
  main.c
  stm32l4xx_hal_msp.c
  stm32l4xx_it.c
  system_stm32l4xx.c
  stm32l4xx_nucleo.c
  Linking ../VisualGDB/Debug/firmware...
  ------------------- Memory utilization report -------------------
  Used FLASH: 11KB out of 1024KB (1%)
  Used RAM: 444 bytes out of 128KB (0%)
